0 1 # r ¢1
0 0 # r ¢0
¢1 1 1 r ¢1
¢1 0 1 r ¢0
¢1 _ 1 r ¢back
¢0 1 0 r ¢1
¢0 0 0 r ¢0
¢0 _ 0 l ¢back
¢back # * r ¢
¢back _ ! l ¢back
¢back * * l ¢back
¢ _ ! l 1
¢ 0 0 r ¢
¢ 1 1 r ¢
¢ B B r ¢
¢ X X r ¢
¢ # * r ¢¢white
¢¢white 1 _ r ¢¢1
¢¢white 0 _ r ¢¢0
¢¢white _ _ r ¢¢_
¢¢white ! _ r ¢¢final
¢¢1 1 1 r ¢¢1
¢¢1 0 1 r ¢¢0
¢¢1 _ 1 r ¢¢white
¢¢1 ! 1 r ¢¢final
¢¢0 1 0 r ¢¢1
¢¢0 0 0 r ¢¢0
¢¢0 _ 0 r ¢¢white
¢¢0 ! 0 r ¢¢final
¢¢_ 1 _ r ¢¢1
¢¢_ 0 _ r ¢¢0
¢¢_ _ _ r ¢¢white
¢¢_ ! _ r ¢¢final
¢¢final _ ! l ¢¢back
¢¢back # * r ¢
¢¢back * * l ¢¢back
¢ ! _ r ¢¢finalWhite
¢¢finalWhite * ! l ¢
1 1 _ r 2
1 0 _ r 3
1 _ _ r 4
2 0 1 l 5
2 1 1 l 5
2 _ 1 l 5
2 B 1 l 5
2 X 1 l 5
5 0 0 l 1
5 1 1 l 1
5 _ _ l 1
5 B B l 1
5 X X l 1
3 0 0 l 6
3 1 0 l 6
3 _ 0 l 6
3 B 0 l 6
3 X 0 l 6
6 0 0 l 1
6 1 1 l 1
6 _ _ l 1
6 B B l 1
6 X X l 1
4 _ B r 7
8 1 X l 9
8 0 X l 10
8 X X l 8
8 B B r halt-accept
9 1 1 l 9
9 X X l 9
9 0 X r 7
10 0 0 l 10
10 X X l 10
10 1 X r 7
7 _ _ l 8
7 0 0 r 7
7 1 1 r 7
7 B B r 7
7 X X r 7
1 # * r ¢1white
¢1white 1 _ r ¢11
¢1white 0 _ r ¢10
¢1white _ _ r ¢1_
¢1white ! _ r ¢1final
¢11 1 1 r ¢11
¢11 0 1 r ¢10
¢11 _ 1 r ¢1white
¢11 ! 1 r ¢1final
¢10 1 0 r ¢11
¢10 0 0 r ¢10
¢10 _ 0 r ¢1white
¢10 ! 0 r ¢1final
¢1_ 1 _ r ¢11
¢1_ 0 _ r ¢10
¢1_ _ _ r ¢1white
¢1_ ! _ r ¢1final
¢1final _ ! l ¢1back
¢1back # * r 1
¢1back * * l ¢1back
1 ! _ r ¢1finalWhite
¢1finalWhite * ! l 1
2 # * r ¢2white
¢2white 1 _ r ¢21
¢2white 0 _ r ¢20
¢2white _ _ r ¢2_
¢2white ! _ r ¢2final
¢21 1 1 r ¢21
¢21 0 1 r ¢20
¢21 _ 1 r ¢2white
¢21 ! 1 r ¢2final
¢20 1 0 r ¢21
¢20 0 0 r ¢20
¢20 _ 0 r ¢2white
¢20 ! 0 r ¢2final
¢2_ 1 _ r ¢21
¢2_ 0 _ r ¢20
¢2_ _ _ r ¢2white
¢2_ ! _ r ¢2final
¢2final _ ! l ¢2back
¢2back # * r 2
¢2back * * l ¢2back
2 ! _ r ¢2finalWhite
¢2finalWhite * ! l 2
5 # * r ¢5white
¢5white 1 _ r ¢51
¢5white 0 _ r ¢50
¢5white _ _ r ¢5_
¢5white ! _ r ¢5final
¢51 1 1 r ¢51
¢51 0 1 r ¢50
¢51 _ 1 r ¢5white
¢51 ! 1 r ¢5final
¢50 1 0 r ¢51
¢50 0 0 r ¢50
¢50 _ 0 r ¢5white
¢50 ! 0 r ¢5final
¢5_ 1 _ r ¢51
¢5_ 0 _ r ¢50
¢5_ _ _ r ¢5white
¢5_ ! _ r ¢5final
¢5final _ ! l ¢5back
¢5back # * r 5
¢5back * * l ¢5back
5 ! _ r ¢5finalWhite
¢5finalWhite * ! l 5
3 # * r ¢3white
¢3white 1 _ r ¢31
¢3white 0 _ r ¢30
¢3white _ _ r ¢3_
¢3white ! _ r ¢3final
¢31 1 1 r ¢31
¢31 0 1 r ¢30
¢31 _ 1 r ¢3white
¢31 ! 1 r ¢3final
¢30 1 0 r ¢31
¢30 0 0 r ¢30
¢30 _ 0 r ¢3white
¢30 ! 0 r ¢3final
¢3_ 1 _ r ¢31
¢3_ 0 _ r ¢30
¢3_ _ _ r ¢3white
¢3_ ! _ r ¢3final
¢3final _ ! l ¢3back
¢3back # * r 3
¢3back * * l ¢3back
3 ! _ r ¢3finalWhite
¢3finalWhite * ! l 3
6 # * r ¢6white
¢6white 1 _ r ¢61
¢6white 0 _ r ¢60
¢6white _ _ r ¢6_
¢6white ! _ r ¢6final
¢61 1 1 r ¢61
¢61 0 1 r ¢60
¢61 _ 1 r ¢6white
¢61 ! 1 r ¢6final
¢60 1 0 r ¢61
¢60 0 0 r ¢60
¢60 _ 0 r ¢6white
¢60 ! 0 r ¢6final
¢6_ 1 _ r ¢61
¢6_ 0 _ r ¢60
¢6_ _ _ r ¢6white
¢6_ ! _ r ¢6final
¢6final _ ! l ¢6back
¢6back # * r 6
¢6back * * l ¢6back
6 ! _ r ¢6finalWhite
¢6finalWhite * ! l 6
4 # * r ¢4white
¢4white 1 _ r ¢41
¢4white 0 _ r ¢40
¢4white _ _ r ¢4_
¢4white ! _ r ¢4final
¢41 1 1 r ¢41
¢41 0 1 r ¢40
¢41 _ 1 r ¢4white
¢41 ! 1 r ¢4final
¢40 1 0 r ¢41
¢40 0 0 r ¢40
¢40 _ 0 r ¢4white
¢40 ! 0 r ¢4final
¢4_ 1 _ r ¢41
¢4_ 0 _ r ¢40
¢4_ _ _ r ¢4white
¢4_ ! _ r ¢4final
¢4final _ ! l ¢4back
¢4back # * r 4
¢4back * * l ¢4back
4 ! _ r ¢4finalWhite
¢4finalWhite * ! l 4
8 # * r ¢8white
¢8white 1 _ r ¢81
¢8white 0 _ r ¢80
¢8white _ _ r ¢8_
¢8white ! _ r ¢8final
¢81 1 1 r ¢81
¢81 0 1 r ¢80
¢81 _ 1 r ¢8white
¢81 ! 1 r ¢8final
¢80 1 0 r ¢81
¢80 0 0 r ¢80
¢80 _ 0 r ¢8white
¢80 ! 0 r ¢8final
¢8_ 1 _ r ¢81
¢8_ 0 _ r ¢80
¢8_ _ _ r ¢8white
¢8_ ! _ r ¢8final
¢8final _ ! l ¢8back
¢8back # * r 8
¢8back * * l ¢8back
8 ! _ r ¢8finalWhite
¢8finalWhite * ! l 8
9 # * r ¢9white
¢9white 1 _ r ¢91
¢9white 0 _ r ¢90
¢9white _ _ r ¢9_
¢9white ! _ r ¢9final
¢91 1 1 r ¢91
¢91 0 1 r ¢90
¢91 _ 1 r ¢9white
¢91 ! 1 r ¢9final
¢90 1 0 r ¢91
¢90 0 0 r ¢90
¢90 _ 0 r ¢9white
¢90 ! 0 r ¢9final
¢9_ 1 _ r ¢91
¢9_ 0 _ r ¢90
¢9_ _ _ r ¢9white
¢9_ ! _ r ¢9final
¢9final _ ! l ¢9back
¢9back # * r 9
¢9back * * l ¢9back
9 ! _ r ¢9finalWhite
¢9finalWhite * ! l 9
10 # * r ¢10white
¢10white 1 _ r ¢101
¢10white 0 _ r ¢100
¢10white _ _ r ¢10_
¢10white ! _ r ¢10final
¢101 1 1 r ¢101
¢101 0 1 r ¢100
¢101 _ 1 r ¢10white
¢101 ! 1 r ¢10final
¢100 1 0 r ¢101
¢100 0 0 r ¢100
¢100 _ 0 r ¢10white
¢100 ! 0 r ¢10final
¢10_ 1 _ r ¢101
¢10_ 0 _ r ¢100
¢10_ _ _ r ¢10white
¢10_ ! _ r ¢10final
¢10final _ ! l ¢10back
¢10back # * r 10
¢10back * * l ¢10back
10 ! _ r ¢10finalWhite
¢10finalWhite * ! l 10
7 # * r ¢7white
¢7white 1 _ r ¢71
¢7white 0 _ r ¢70
¢7white _ _ r ¢7_
¢7white ! _ r ¢7final
¢71 1 1 r ¢71
¢71 0 1 r ¢70
¢71 _ 1 r ¢7white
¢71 ! 1 r ¢7final
¢70 1 0 r ¢71
¢70 0 0 r ¢70
¢70 _ 0 r ¢7white
¢70 ! 0 r ¢7final
¢7_ 1 _ r ¢71
¢7_ 0 _ r ¢70
¢7_ _ _ r ¢7white
¢7_ ! _ r ¢7final
¢7final _ ! l ¢7back
¢7back # * r 7
¢7back * * l ¢7back
7 ! _ r ¢7finalWhite
¢7finalWhite * ! l 7
